06/08/24 19:44:37, =====================================
06/08/24 19:44:37, System/Build Info: 
06/08/24 19:44:37, YAFU Version 2.10
06/08/24 19:44:37, Built with GCC 12
06/08/24 19:44:37, Using GMP-ECM 7.0.5, Powered by GMP 6.2.1
06/08/24 19:44:37, detected AMD Ryzen 5 3500U with Radeon Vega Mobile Gfx  
detected L1 = 32768 bytes, L2 = 4194304 bytes, CL = 64 bytes
06/08/24 19:44:37, using 1 random witness for Rabin-Miller PRP checks
06/08/24 19:44:37, Cached 664579 primes: max prime is 9999991
06/08/24 19:44:37, Could not parse yafu.ini from /home/sarkoxedaf/Working/CTF/2024/cryptoctf/RM2

06/08/24 19:44:37, Random seed: 8116171020621211805
06/08/24 19:46:17, =====================================
06/08/24 19:46:17, System/Build Info: 
06/08/24 19:46:17, YAFU Version 2.10
06/08/24 19:46:17, Built with GCC 12
06/08/24 19:46:17, Using GMP-ECM 7.0.5, Powered by GMP 6.2.1
06/08/24 19:46:17, detected AMD Ryzen 5 3500U with Radeon Vega Mobile Gfx  
detected L1 = 32768 bytes, L2 = 4194304 bytes, CL = 64 bytes
06/08/24 19:46:17, using 1 random witness for Rabin-Miller PRP checks
06/08/24 19:46:17, Cached 664579 primes: max prime is 9999991
06/08/24 19:46:17, Could not parse yafu.ini from /home/sarkoxedaf/Working/CTF/2024/cryptoctf/RM2

06/08/24 19:46:17, Random seed: 2572308998982393109
06/08/24 19:51:04, =====================================
06/08/24 19:51:04, System/Build Info: 
06/08/24 19:51:04, YAFU Version 2.10
06/08/24 19:51:04, Built with GCC 12
06/08/24 19:51:04, Using GMP-ECM 7.0.5, Powered by GMP 6.2.1
06/08/24 19:51:04, detected AMD Ryzen 5 3500U with Radeon Vega Mobile Gfx  
detected L1 = 32768 bytes, L2 = 4194304 bytes, CL = 64 bytes
06/08/24 19:51:04, using 1 random witness for Rabin-Miller PRP checks
06/08/24 19:51:04, Cached 664579 primes: max prime is 9999991
06/08/24 19:51:04, Could not parse yafu.ini from /home/sarkoxedaf/Working/CTF/2024/cryptoctf/RM2

06/08/24 19:51:04, Random seed: 2732489998596678299
06/08/24 19:52:25, =====================================
06/08/24 19:52:25, System/Build Info: 
06/08/24 19:52:25, YAFU Version 2.10
06/08/24 19:52:25, Built with GCC 12
06/08/24 19:52:25, Using GMP-ECM 7.0.5, Powered by GMP 6.2.1
06/08/24 19:52:25, detected AMD Ryzen 5 3500U with Radeon Vega Mobile Gfx  
detected L1 = 32768 bytes, L2 = 4194304 bytes, CL = 64 bytes
06/08/24 19:52:25, using 1 random witness for Rabin-Miller PRP checks
06/08/24 19:52:25, Cached 664579 primes: max prime is 9999991
06/08/24 19:52:25, Could not parse yafu.ini from /home/sarkoxedaf/Working/CTF/2024/cryptoctf/RM2

06/08/24 19:52:25, Random seed: 15359802027809060240
06/08/24 19:53:11, =====================================
06/08/24 19:53:11, System/Build Info: 
06/08/24 19:53:11, YAFU Version 2.10
06/08/24 19:53:11, Built with GCC 12
06/08/24 19:53:11, Using GMP-ECM 7.0.5, Powered by GMP 6.2.1
06/08/24 19:53:11, detected AMD Ryzen 5 3500U with Radeon Vega Mobile Gfx  
detected L1 = 32768 bytes, L2 = 4194304 bytes, CL = 64 bytes
06/08/24 19:53:11, using 1 random witness for Rabin-Miller PRP checks
06/08/24 19:53:11, Cached 664579 primes: max prime is 9999991
06/08/24 19:53:11, Could not parse yafu.ini from /home/sarkoxedaf/Working/CTF/2024/cryptoctf/RM2

06/08/24 19:53:11, Random seed: 1423088763596984878
06/08/24 20:17:44, =====================================
06/08/24 20:17:44, System/Build Info: 
06/08/24 20:17:44, YAFU Version 2.10
06/08/24 20:17:44, Built with GCC 12
06/08/24 20:17:44, Using GMP-ECM 7.0.5, Powered by GMP 6.2.1
06/08/24 20:17:44, detected AMD Ryzen 5 3500U with Radeon Vega Mobile Gfx  
detected L1 = 32768 bytes, L2 = 4194304 bytes, CL = 64 bytes
06/08/24 20:17:44, using 1 random witness for Rabin-Miller PRP checks
06/08/24 20:17:44, Cached 664579 primes: max prime is 9999991
06/08/24 20:17:44, Could not parse yafu.ini from /home/sarkoxedaf/Working/CTF/2024/cryptoctf/RM2

06/08/24 20:17:44, Random seed: 17544141783370150517
06/08/24 20:19:53, =====================================
06/08/24 20:19:53, System/Build Info: 
06/08/24 20:19:53, YAFU Version 2.10
06/08/24 20:19:53, Built with GCC 12
06/08/24 20:19:53, Using GMP-ECM 7.0.5, Powered by GMP 6.2.1
06/08/24 20:19:53, detected AMD Ryzen 5 3500U with Radeon Vega Mobile Gfx  
detected L1 = 32768 bytes, L2 = 4194304 bytes, CL = 64 bytes
06/08/24 20:19:53, using 1 random witness for Rabin-Miller PRP checks
06/08/24 20:19:53, Cached 664579 primes: max prime is 9999991
06/08/24 20:19:53, Could not parse yafu.ini from /home/sarkoxedaf/Working/CTF/2024/cryptoctf/RM2

06/08/24 20:19:53, Random seed: 12759231540416446175
06/08/24 20:26:15, =====================================
06/08/24 20:26:15, System/Build Info: 
06/08/24 20:26:15, YAFU Version 2.10
06/08/24 20:26:15, Built with GCC 12
06/08/24 20:26:15, Using GMP-ECM 7.0.5, Powered by GMP 6.2.1
06/08/24 20:26:15, detected AMD Ryzen 5 3500U with Radeon Vega Mobile Gfx  
detected L1 = 32768 bytes, L2 = 4194304 bytes, CL = 64 bytes
06/08/24 20:26:15, using 1 random witness for Rabin-Miller PRP checks
06/08/24 20:26:15, Cached 664579 primes: max prime is 9999991
06/08/24 20:26:15, Could not parse yafu.ini from /home/sarkoxedaf/Working/CTF/2024/cryptoctf/RM2

06/08/24 20:26:15, Random seed: 15519368510157527779
06/08/24 20:26:19, Processing: factor(199784018907021790490676849320463213566401376329948812802040498244270874009086459848356333054426573101415340946646405318990359570268380895978742715589222270249300892754086252935127964847029341659097053155904772627315113831470026662378343010598123713138412984443502753556944710390044745351710204697252340197455)
06/08/24 20:27:35, Result    : 39956803781404358098135369864092642713280275265989762560408099648854174801817291969671266610885314620283068189329281063798071914053676179195748543117844454049860178550817250587025592969405868331819410631180954525463022766294005332475668602119624742627682596888700550711388942078008949070342040939450468039491
06/08/24 20:27:38, Processing: factor(308506862480015706253596302130016192180891287407231110154144204073473593372811566443885144932531608730843109720257088032622246287467708016494832815140139116356696253127677805857016331810434574416699259065942023145639225939217866259113949897347231066170039298184435945080218520435693878768881909866168083321599)
06/08/24 20:27:50, Result    : 2904608696741187573122119228088719885075546298439128595623347686814253388539199142996531658545595608359474168867212079089973859371821770359317279463020992105933189849208421303359088847537945494041872131153720014943927075291830891424574353281898240186415566111712597521563286673
06/08/24 20:27:53, Processing: factor(218025159396397436692820249996626890281519736271598807777428440318125806311017496630016552523876150803935204285586367561879483864866334794243330914052585134872169907945963545792435526238669265829681356898283684424413857138164330806683814051502258002326804885344829443999799250291551855333047297485423261947487)
06/08/24 20:28:12, Result    : 160186777882188036900073325823230577807317876239510179934901129087349607541283619977602957843498019874249121603096088376575893402654051809868084104393118676482412492288721245061288652167532269045476449626690865971166913883660055885913055716336520496550098106226883468317095376039
06/08/24 20:28:14, Processing: factor(189208236788097029686790015936136259524558174813919757512674674904266745841372535486321437814385345368872937180823655771271024327570303979994728917303684392211836802067996780516794490719744532229417103868314081036878524636082892447260760074863884398551424314258595452937401031138367896038587331607582537231775)
06/08/24 20:28:30, Result    : 21521124448866993195908207617276005087418993743260766695850241743310483639119875250865660543780995518695784263003802539779829008512725594060317752049741441833711458939998617727924534834844013600699557142488915924866722525550036434564140620286645981403023335784132377487108982119
06/08/24 20:28:40, Processing: factor(310383986157580239042505972059358194387802290191483212087633875879714818625613878958336747976700427309181793211978664213717526321047117759595159652315309818422822737414057551012741956062912337025845383419236053326855191115683442409457807007125929649755496724823759849626205464694051474679944519680541743837047)
06/08/24 20:28:53, Result    : 1026506313087154109740070717133679945693607357637979214123551044179467586851020181582277448307107094533123061839950293983701648706487146686965280245547500019513994099438097498852279120772872823579294084104624496228398961352921817709792468979297160634356685407323619
06/08/24 20:29:08, Processing: factor(301977065810547762986266457692084103874837685982993798359501433006192279495905896926570740880966488033878267580121039599073618406462659355509938465365648440756511015039762110335499467832091366885954384114356739391486827446861904422318957512761520667461494475888047459959508138265553072870013649066390800631127)
06/08/24 20:29:23, Result    : 95949252744737315987723735507433524254015150501465325277536533339849907554508564851730861747654572920169139337085377865232072866822593650144888235562813017379218024575537837729598830127011389863194411555525200356606547448312809125290633128956908133844670131889216508700109039415919531
06/08/24 20:29:24, Processing: factor(324488946870131161240819759245901928103065398761726722355757907498947718165536730752124874156415256800711560704651880895270725716924707348306027569155505300225509622624654141303346111610302857221062774637347749767950574794120185768060112622534014532927475278602948748558529061188274121975599250822357150944847)
06/08/24 20:29:57, Result    : 26261917600863283575082631121998703954873458891567999841103315879597083898859473264479211546404248645208672932808676545236022850567672934490428912543890023615799835581900138256727478163905525250440276188392406418795748078289696859501164914043276891215476275322163054148602085683901016315753
06/08/24 20:30:05, Processing: factor(228149081984925369150568480526215526519260704100928092263513041501993482506100014402820536597501743646407966738980345527393067224134977976021100188829594182726373748586169118602831753794948171907365441737386408369348220604167787342580610705512643675489968322155152266653439688704542093261493658719591909437815)
06/08/24 20:30:18, Result    : 24782864363505432587111895430374137568076316451185866990968489490973911762736300633913449990066344117599827086254249269575291629441224860378135145107026873347392242555875957972576298558985195045282982322905874060508728200569519441976489762512546343607205500782165084375861204253614947
06/08/24 20:30:24, Processing: factor(233390686257435412775268741978902145459263294128814869332373963291510072645657856585675287376270978188639173637782341216680575806852692129560363317519707700540968593089004097135160825972041690471183266162387201333749690588642235600129310819366001935695942132419420521891061230000110803519396693312297098870967)
06/08/24 20:30:24, Result    : 24782864363505432587111895430374137568076316451185866990968489490973911762736300633913449990066344117599827086254249269575291629441224860378135145107026873347392242555875957972576298558985195045282982322905874060508728200569519441976489762512546343607205500782165084375861204253614947
06/08/24 20:30:28, Processing: factor(233390686257435412775268741978902145459263294128814869332373963291510072645657856585675287376270978188639173637782341216680575806852692129560363317519707700540968593089004097135160825972041690471183266162387201333749690588642235600129310819366001935695942132419420521891061230000110803519396693312297098870967)
06/08/24 20:30:52, Result    : 5724310019465705558098065094929183232484527142137885503470720290458654956536962416409551676257471471417351701792996205446644645218928148333139135680443995965222593282336611169290913297278425082355916869963519571431941757486712424096005222302087765905823146267972717670306710295514979
06/08/24 20:31:00, Processing: factor(341602154184985147141034331551142826040467353630221693561757921990484089548612393018813735544436699188513982372443048504504069062708015524845158282783045654587646691425210935209148392108813106302299904411405542869290046848014438707839816347884920286626928395025198926526726963934566441364797974543591065689679)
06/08/24 20:31:03, Result    : 1
06/08/24 20:32:17, Processing: factor(170801077092492573570517165775571413020233676815110846780878960995242044774306196509406867772218349594256991186221524252252034531354007762422579141391522827293823345712605467604574196054406553151149952205702771434645023424007219353919908173942460143313464197512599463263363481967283220682398987271795532844838)
06/08/24 20:32:17, Result    : 1
06/08/24 20:33:58, Processing: factor(304679790280697277716878442231322233860997933159419547407452563654054583854104699136568752064737898533575942266740307601684721338371660098192951637825209109315711153454695566491853022481884371056646785792445436307331927528908494610033990997016261545767337958736414599466788081285317139988594901042732391717887)
06/08/24 20:34:21, Result    : 23934097312478777619174568616139739926725377030982104435112932021952218956929255018624095769191961171054046200407614234504253736356613275624238784169738421480915132910977207249319500111185409574497583202227427679575722312819408801154788075474018984192733713560348255924929466028830845877723992177087021
06/08/24 20:34:26, Processing: factor(220189484900440951590423294438891863128016794151072435980880088406/08/24 20:35:17, =====================================
06/08/24 20:35:17, System/Build Info: 
06/08/24 20:35:17, YAFU Version 2.10
06/08/24 20:35:17, Built with GCC 12
06/08/24 20:35:17, Using GMP-ECM 7.0.5, Powered by GMP 6.2.1
06/08/24 20:35:17, detected AMD Ryzen 5 3500U with Radeon Vega Mobile Gfx  
detected L1 = 32768 bytes, L2 = 4194304 bytes, CL = 64 bytes
06/08/24 20:35:17, using 1 random witness for Rabin-Miller PRP checks
06/08/24 20:35:17, Cached 664579 primes: max prime is 9999991
06/08/24 20:35:17, Could not parse yafu.ini from /home/sarkoxedaf/Working/CTF/2024/cryptoctf/RM2

06/08/24 20:35:17, Random seed: 6380751918605379701
